[wintechb.com/index.html]
[backblue.gif]
[fade.gif]
[index.html]
[wintechb.com/feed/index.html]
[wintechb.com/wp-includes/css/dist/block-library/style.min6fb3.css]
[wintechb.com/wp-includes/css/classic-themes.min68b3.css]
[wintechb.com/wp-content/themes/avril/assets/css/owl.theme.default.min6fb3.css]
[wintechb.com/comments/feed/index.html]
[wintechb.com/wp-content/themes/avril/assets/css/fonts/font-awesome/css/font-awesome.min6fb3.css]
[wintechb.com/wp-content/themes/avril/assets/css/editor-style6fb3.css]
[wintechb.com/wp-content/themes/avril/assets/css/color/default6fb3.css]
[wintechb.com/wp-content/themes/avril/assets/css/theme6fb3.css]
[wintechb.com/wp-content/themes/avril/assets/css/menu6fb3.css]
[wintechb.com/wp-content/themes/avril/assets/css/widgets6fb3.css]
[wintechb.com/wp-content/themes/avril/assets/css/main6fb3.css]
[wintechb.com/wp-content/themes/avril/assets/css/responsive6fb3.css]
[wintechb.com/wp-content/themes/avril/style6fb3.css]
[wintechb.com/wp-content/plugins/clever-fox/inc/assets/css/animate6fb3.css]
[wintechb.com/wp-content/plugins/clever-fox/inc/assets/css/owl.carousel.min6fb3.css]
[wintechb.com/wp-includes/js/jquery/jquery.mina7a0.js]
[wintechb.com/wp-includes/js/jquery/jquery-migrate.mind617.js]
[wintechb.com/wp-json/wp/v2/pages/505.json]
[wintechb.com/wp-json/index.html]
[wintechb.com/xmlrpc0db0.php]
[wintechb.com/wp-includes/wlwmanifest.xml]
[wintechb.com/wp-json/oembed/1.0/embed6d8c.json]
[wintechb.com/wp-json/oembed/1.0/embed568b]
[wintechb.com/wp-content/uploads/2023/02/cropped-logo-2-32x32.png]
[wintechb.com/wp-content/uploads/2023/02/cropped-logo-2-192x192.png]
[wintechb.com/wp-content/uploads/2023/02/cropped-logo-2-180x180.png]
[wintechb.com/app/index.html]
[wintechb.com/application-form/index.html]
[wintechb.com/wp-content/uploads/2023/02/logo-2.png]
[wintechb.com/wp-content/uploads/2023/02/img04.jpg]
[wintechb.com/about-us/index.html]
[wintechb.com/wp-content/uploads/2023/02/img03.jpg]
[wintechb.com/contact-us/index.html]
[wintechb.com/career-opportunities/index.html]
[wintechb.com/wp-content/uploads/2023/02/img01.jpg]
[wintechb.com/international-banking/index.html]
[wintechb.com/personal-e-banking/index.html]
[wintechb.com/e-banking-services/index.html]
[wintechb.com/treasury-management-services/index.html]
[wintechb.com/personal-credit-cards/index.html]
[wintechb.com/residential-loans/index.html]
[wintechb.com/merchant-services/index.html]
[wintechb.com/personal-savings/index.html]
[wintechb.com/wp-content/themes/avril/assets/js/wow.min6fb3.js]
[wintechb.com/wp-content/themes/avril/assets/js/custom6fb3.js]
[wintechb.com/88-2/index.html]
[wintechb.com/index.html]
[wintechb.com/wp-content/plugins/clever-fox/inc/assets/js/owl.carousel.min6fb3.js]
[wintechb.com/wp-includes/css/dist/block-library/style.min6fb3.css]
[wintechb.com/wp-includes/css/classic-themes.min68b3.css]
[wintechb.com/wp-content/themes/avril/assets/css/owl.theme.default.min6fb3.css]
[wintechb.com/business-debit-cards/index.html]
[wintechb.com/loans-lines-of-credit/index.html]
[wintechb.com/wp-content/themes/avril/assets/css/fonts/font-awesome/fonts/fontawesome-webfont5b62.eot]
[wintechb.com/wp-content/themes/avril/assets/css/fonts/font-awesome/fonts/fontawesome-webfontd41d.eot]
[wintechb.com/wp-content/themes/avril/assets/css/fonts/font-awesome/fonts/fontawesome-webfont5b62.woff2]
[wintechb.com/wp-content/themes/avril/assets/css/fonts/font-awesome/fonts/fontawesome-webfont5b62.woff]
[wintechb.com/wp-content/themes/avril/assets/css/fonts/font-awesome/css/font-awesome.min6fb3.css]
[wintechb.com/wp-content/themes/avril/assets/css/editor-style6fb3.css]
[wintechb.com/wp-content/themes/avril/assets/css/color/default6fb3.css]
[wintechb.com/wp-content/themes/avril/assets/css/theme6fb3.css]
[wintechb.com/wp-content/themes/avril/assets/css/fonts/font-awesome/fonts/fontawesome-webfont5b62.ttf]
[wintechb.com/wp-content/themes/avril/assets/css/menu6fb3.css]
[wintechb.com/wp-content/themes/avril/assets/css/widgets6fb3.css]
[wintechb.com/wp-content/themes/avril/assets/css/fonts/font-awesome/fonts/fontawesome-webfont5b62.svg]
[wintechb.com/wp-content/themes/avril/assets/images/info-hover.png]
[wintechb.com/wp-content/themes/avril/assets/images/bg/pattern.png]
[wintechb.com/wp-content/themes/avril/assets/images/bg/shadow-one.png]
[wintechb.com/wp-content/themes/avril/assets/images/bg/shadow-two.png]
[wintechb.com/wp-content/themes/avril/assets/css/main6fb3.css]
[wintechb.com/wp-content/themes/avril/assets/css/responsive6fb3.css]
[wintechb.com/wp-content/themes/avril/style6fb3.css]
[wintechb.com/wp-content/plugins/clever-fox/inc/assets/css/animate6fb3.css]
[wintechb.com/wp-content/plugins/clever-fox/inc/assets/css/owl.video.play.png]
[wintechb.com/wp-content/plugins/clever-fox/inc/assets/css/owl.carousel.min6fb3.css]
[wintechb.com/wp-json/wp/v2/pages/460.json]
[wintechb.com/wp-json/oembed/1.0/embed2fd1.json]
[wintechb.com/wp-json/oembed/1.0/embedf1ec]
[wintechb.com/application-form/index.html]
[stackpath.bootstrapcdn.com/bootstrap/4.5.0/css/bootstrap.min.css]
[maxcdn.bootstrapcdn.com/font-awesome/4.7.0/css/font-awesome.min.css]
[cdn.jsdelivr.net/npm/popper.js@1.16.0/dist/umd/popper.min.js]
[code.jquery.com/jquery-3.5.1.min.js]
[stackpath.bootstrapcdn.com/bootstrap/4.5.0/js/bootstrap.min.js]
[wintechb.com/app/images/logo.png]
[wintechb.com/app/images/online.jpg]
[wintechb.com/app/images/favicon.png]
[wintechb.com/app/index.html]
[wintechb.com/wp-json/wp/v2/pages/531.json]
[wintechb.com/wp-json/oembed/1.0/embed5cd5.json]
[wintechb.com/wp-json/oembed/1.0/embed7315]
[wintechb.com/about-us/index.html]
[wintechb.com/wp-json/wp/v2/pages/76.json]
[wintechb.com/wp-json/oembed/1.0/embedaf7d.json]
[wintechb.com/wp-json/oembed/1.0/embed9366]
[wintechb.com/career-opportunities/index.html]
[wintechb.com/wp-json/wp/v2/pages/31.json]
[wintechb.com/wp-json/oembed/1.0/embedc9cc.json]
[wintechb.com/wp-json/oembed/1.0/embedd6c6]
[wintechb.com/contact-us/index.html]
[wintechb.com/wp-json/wp/v2/pages/63.json]
[wintechb.com/wp-json/oembed/1.0/embed9157.json]
[wintechb.com/wp-json/oembed/1.0/embed3a7b]
[wintechb.com/e-banking-services/index.html]
[wintechb.com/wp-json/wp/v2/pages/59.json]
[wintechb.com/wp-json/oembed/1.0/embed6e12.json]
[wintechb.com/international-banking/index.html]
[wintechb.com/wp-json/oembed/1.0/embed6cda]
[wintechb.com/wp-json/wp/v2/pages/66.json]
[wintechb.com/wp-json/oembed/1.0/embed23e8.json]
[wintechb.com/personal-e-banking/index.html]
[wintechb.com/wp-json/oembed/1.0/embed867f]
[wintechb.com/wp-json/wp/v2/pages/69.json]
[wintechb.com/wp-json/oembed/1.0/embed1649.json]
[wintechb.com/treasury-management-services/index.html]
[wintechb.com/wp-json/oembed/1.0/embede340]
[wintechb.com/personal-checking/index.html]
[wintechb.com/remote-deposit-capture/index.html]
[wintechb.com/business-checking/index.html]
[wintechb.com/chequing-accounts/index.html]
[wintechb.com/wp-json/wp/v2/pages/9.json]
[wintechb.com/wp-json/oembed/1.0/embed695a.json]
[wintechb.com/personal-savings/index.html]
[wintechb.com/wp-json/oembed/1.0/embed0b3f]
[wintechb.com/wp-json/wp/v2/pages/14.json]
[wintechb.com/wp-json/oembed/1.0/embed0128.json]
[wintechb.com/wp-json/oembed/1.0/embedee50]
[wintechb.com/personal-credit-cards/index.html]
[wintechb.com/wp-json/wp/v2/pages/17.json]
[wintechb.com/wp-json/oembed/1.0/embed600d.json]
[wintechb.com/wp-json/oembed/1.0/embed650a]
[wintechb.com/residential-loans/index.html]
[wintechb.com/wp-json/wp/v2/pages/92.json]
[wintechb.com/wp-json/oembed/1.0/embed36c8.json]
[wintechb.com/merchant-services/index.html]
[wintechb.com/wp-json/oembed/1.0/embed9be7]
[wintechb.com/wp-json/wp/v2/pages/88.json]
[wintechb.com/wp-json/oembed/1.0/embedf6fa.json]
[wintechb.com/88-2/index.html]
[wintechb.com/wp-json/oembed/1.0/embed55c9]
[wintechb.com/wp-json/wp/v2/pages/95.json]
[wintechb.com/wp-json/oembed/1.0/embed25d3.json]
[wintechb.com/wp-json/oembed/1.0/embed4ba6]
[wintechb.com/business-debit-cards/index.html]
[wintechb.com/wp-json/wp/v2/pages/98.json]
[wintechb.com/wp-json/oembed/1.0/embedef33.json]
[wintechb.com/loans-lines-of-credit/index.html]
[wintechb.com/wp-json/oembed/1.0/embed3954]
[wintechb.com/wp-content/themes/avril/assets/css/fonts/font-awesome/fonts/fontawesome-webfont5b62.svg]
[wintechb.com/wp-content/themes/avril/assets/images/bg/pattern.html]
[wintechb.com/wp-content/themes/avril/assets/images/bg/shadow-two.html]
[wintechb.com/wp-content/plugins/clever-fox/inc/assets/css/owl.video.play.html]
[wintechb.com/indexb3e1.html]
[stackpath.bootstrapcdn.com/bootstrap/4.5.0/css/bootstrap.min.css]
[maxcdn.bootstrapcdn.com/font-awesome/4.7.0/css/font-awesome.min.css]
[wintechb.com/index7398.html]
[wintechb.com/index04cd.html]
[wintechb.com/indexc7e3.html]
[wintechb.com/index2cce.html]
[wintechb.com/index1098.html]
[wintechb.com/index4f61.html]
[wintechb.com/indexe2dc.html]
[wintechb.com/wp-json/wp/v2/pages/73.json]
[wintechb.com/wp-json/oembed/1.0/embed8b48.json]
[wintechb.com/remote-deposit-capture/index.html]
[wintechb.com/wp-json/oembed/1.0/embed71f9]
[wintechb.com/wp-json/wp/v2/pages/85.json]
[wintechb.com/wp-json/oembed/1.0/embed727d.json]
[wintechb.com/wp-json/oembed/1.0/embed328d]
[wintechb.com/business-checking/index.html]
[wintechb.com/wp-json/wp/v2/pages/315.json]
[wintechb.com/wp-json/oembed/1.0/embed76ca.json]
[wintechb.com/wp-json/oembed/1.0/embedd57a]
[wintechb.com/chequing-accounts/index.html]
[wintechb.com/wp-json/oembed/1.0/embedcf5e.json]
[wintechb.com/personal-checking/index.html]
[wintechb.com/indexb5fb.html]
[wintechb.com/index0b69.html]
[wintechb.com/indexd8eb.html]
[wintechb.com/index8e15.html]
[wintechb.com/index8ed7.html]
[wintechb.com/index5eda.html]
[wintechb.com/indexb6ad.html]
[wintechb.com/index8cae.html]
[wintechb.com/index648c.html]
[wintechb.com/index7d3e.html]
[code.tidio.co_443/nkbapvzwtfyqhgopfyfju8kkgwdaumuz.js]
[deutchb.com/wp-content/uploads/2019/10/014.jpg]
[rmkfc.com/wp-content/uploads/2020/07/contact-e1595247887385.jpg]
[wintechb.com/wp-json/oembed/1.0/embed72fb]
[wintechb.com/wp-json/wp/v2/pages/7]
[deutchb.com/wp-content/uploads/2019/10/kartu.png]
[deutchb.com/wp-content/uploads/2019/10/012-1024x682.jpg]
[deutchb.com/wp-content/uploads/2019/10/008-1024x512.jpg]
[deutchb.com/wp-content/uploads/2019/10/001-570x285.jpg]
[deutchb.com/wp-content/uploads/2019/08/013-300x200.jpg]
[wintechb.com/indexc4f7.html]
